[2026-03-23T04:26:39.330Z] info: kubernetes.yaml was copied to the config folder
[2026-03-23T04:41:39.806Z] error: Host validation failed for: home.ignitesolutions.click. Hint: Set the HOMEPAGE_ALLOWED_HOSTS environment variable to allow requests from this host / port.
[2026-03-23T04:41:40.643Z] error: Host validation failed for: home.ignitesolutions.click. Hint: Set the HOMEPAGE_ALLOWED_HOSTS environment variable to allow requests from this host / port.
[2026-03-23T04:41:40.651Z] error: Host validation failed for: home.ignitesolutions.click. Hint: Set the HOMEPAGE_ALLOWED_HOSTS environment variable to allow requests from this host / port.
[2026-03-23T04:41:40.655Z] error: Host validation failed for: home.ignitesolutions.click. Hint: Set the HOMEPAGE_ALLOWED_HOSTS environment variable to allow requests from this host / port.
[2026-03-23T04:41:40.659Z] error: Host validation failed for: home.ignitesolutions.click. Hint: Set the HOMEPAGE_ALLOWED_HOSTS environment variable to allow requests from this host / port.
[2026-03-23T04:41:40.663Z] error: Host validation failed for: home.ignitesolutions.click. Hint: Set the HOMEPAGE_ALLOWED_HOSTS environment variable to allow requests from this host / port.
[2026-03-23T04:41:40.668Z] error: Host validation failed for: home.ignitesolutions.click. Hint: Set the HOMEPAGE_ALLOWED_HOSTS environment variable to allow requests from this host / port.
[2026-03-23T04:41:40.672Z] error: Host validation failed for: home.ignitesolutions.click. Hint: Set the HOMEPAGE_ALLOWED_HOSTS environment variable to allow requests from this host / port.
[2026-03-23T04:41:40.678Z] error: Host validation failed for: home.ignitesolutions.click. Hint: Set the HOMEPAGE_ALLOWED_HOSTS environment variable to allow requests from this host / port.
[2026-03-23T04:41:40.701Z] error: Host validation failed for: home.ignitesolutions.click. Hint: Set the HOMEPAGE_ALLOWED_HOSTS environment variable to allow requests from this host / port.
[2026-03-23T04:41:40.722Z] error: Host validation failed for: home.ignitesolutions.click. Hint: Set the HOMEPAGE_ALLOWED_HOSTS environment variable to allow requests from this host / port.
[2026-03-23T04:41:40.772Z] error: Host validation failed for: home.ignitesolutions.click. Hint: Set the HOMEPAGE_ALLOWED_HOSTS environment variable to allow requests from this host / port.
[2026-03-23T04:41:41.794Z] error: Host validation failed for: home.ignitesolutions.click. Hint: Set the HOMEPAGE_ALLOWED_HOSTS environment variable to allow requests from this host / port.
[2026-03-23T04:41:42.327Z] error: Host validation failed for: home.ignitesolutions.click. Hint: Set the HOMEPAGE_ALLOWED_HOSTS environment variable to allow requests from this host / port.
[2026-03-23T04:41:43.176Z] error: Host validation failed for: home.ignitesolutions.click. Hint: Set the HOMEPAGE_ALLOWED_HOSTS environment variable to allow requests from this host / port.
[2026-03-23T04:41:45.750Z] error: Host validation failed for: home.ignitesolutions.click. Hint: Set the HOMEPAGE_ALLOWED_HOSTS environment variable to allow requests from this host / port.
[2026-03-23T04:41:45.753Z] error: Host validation failed for: home.ignitesolutions.click. Hint: Set the HOMEPAGE_ALLOWED_HOSTS environment variable to allow requests from this host / port.
[2026-03-23T04:41:45.848Z] error: Host validation failed for: home.ignitesolutions.click. Hint: Set the HOMEPAGE_ALLOWED_HOSTS environment variable to allow requests from this host / port.
[2026-03-23T04:42:58.234Z] error: Host validation failed for: home.ignitesolutions.click. Hint: Set the HOMEPAGE_ALLOWED_HOSTS environment variable to allow requests from this host / port.
[2026-03-23T04:42:58.251Z] error: Host validation failed for: home.ignitesolutions.click. Hint: Set the HOMEPAGE_ALLOWED_HOSTS environment variable to allow requests from this host / port.
[2026-03-23T04:42:58.511Z] error: Host validation failed for: home.ignitesolutions.click. Hint: Set the HOMEPAGE_ALLOWED_HOSTS environment variable to allow requests from this host / port.
[2026-03-23T04:42:58.823Z] error: Host validation failed for: home.ignitesolutions.click. Hint: Set the HOMEPAGE_ALLOWED_HOSTS environment variable to allow requests from this host / port.
[2026-03-23T04:42:58.828Z] error: Host validation failed for: home.ignitesolutions.click. Hint: Set the HOMEPAGE_ALLOWED_HOSTS environment variable to allow requests from this host / port.
[2026-03-23T04:42:58.834Z] error: Host validation failed for: home.ignitesolutions.click. Hint: Set the HOMEPAGE_ALLOWED_HOSTS environment variable to allow requests from this host / port.
[2026-03-23T04:42:58.840Z] error: Host validation failed for: home.ignitesolutions.click. Hint: Set the HOMEPAGE_ALLOWED_HOSTS environment variable to allow requests from this host / port.
[2026-03-23T04:42:58.845Z] error: Host validation failed for: home.ignitesolutions.click. Hint: Set the HOMEPAGE_ALLOWED_HOSTS environment variable to allow requests from this host / port.
[2026-03-23T04:42:58.851Z] error: Host validation failed for: home.ignitesolutions.click. Hint: Set the HOMEPAGE_ALLOWED_HOSTS environment variable to allow requests from this host / port.
[2026-03-23T04:42:58.860Z] error: Host validation failed for: home.ignitesolutions.click. Hint: Set the HOMEPAGE_ALLOWED_HOSTS environment variable to allow requests from this host / port.
[2026-03-23T04:42:58.869Z] error: Host validation failed for: home.ignitesolutions.click. Hint: Set the HOMEPAGE_ALLOWED_HOSTS environment variable to allow requests from this host / port.
[2026-03-23T04:42:58.875Z] error: Host validation failed for: home.ignitesolutions.click. Hint: Set the HOMEPAGE_ALLOWED_HOSTS environment variable to allow requests from this host / port.
[2026-03-23T04:42:58.880Z] error: Host validation failed for: home.ignitesolutions.click. Hint: Set the HOMEPAGE_ALLOWED_HOSTS environment variable to allow requests from this host / port.
[2026-03-23T04:42:58.889Z] error: Host validation failed for: home.ignitesolutions.click. Hint: Set the HOMEPAGE_ALLOWED_HOSTS environment variable to allow requests from this host / port.
[2026-03-23T04:42:58.943Z] error: Host validation failed for: home.ignitesolutions.click. Hint: Set the HOMEPAGE_ALLOWED_HOSTS environment variable to allow requests from this host / port.
[2026-03-23T04:43:01.999Z] error: Host validation failed for: home.ignitesolutions.click. Hint: Set the HOMEPAGE_ALLOWED_HOSTS environment variable to allow requests from this host / port.
[2026-03-23T04:43:02.155Z] error: Host validation failed for: home.ignitesolutions.click. Hint: Set the HOMEPAGE_ALLOWED_HOSTS environment variable to allow requests from this host / port.
[2026-03-23T04:43:02.160Z] error: Host validation failed for: home.ignitesolutions.click. Hint: Set the HOMEPAGE_ALLOWED_HOSTS environment variable to allow requests from this host / port.
[2026-03-23T04:43:02.164Z] error: Host validation failed for: home.ignitesolutions.click. Hint: Set the HOMEPAGE_ALLOWED_HOSTS environment variable to allow requests from this host / port.
[2026-03-23T04:43:02.167Z] error: Host validation failed for: home.ignitesolutions.click. Hint: Set the HOMEPAGE_ALLOWED_HOSTS environment variable to allow requests from this host / port.
[2026-03-23T04:43:02.171Z] error: Host validation failed for: home.ignitesolutions.click. Hint: Set the HOMEPAGE_ALLOWED_HOSTS environment variable to allow requests from this host / port.
[2026-03-23T04:43:02.174Z] error: Host validation failed for: home.ignitesolutions.click. Hint: Set the HOMEPAGE_ALLOWED_HOSTS environment variable to allow requests from this host / port.
[2026-03-23T04:43:02.177Z] error: Host validation failed for: home.ignitesolutions.click. Hint: Set the HOMEPAGE_ALLOWED_HOSTS environment variable to allow requests from this host / port.
[2026-03-23T04:43:02.180Z] error: Host validation failed for: home.ignitesolutions.click. Hint: Set the HOMEPAGE_ALLOWED_HOSTS environment variable to allow requests from this host / port.
[2026-03-23T04:43:02.187Z] error: Host validation failed for: home.ignitesolutions.click. Hint: Set the HOMEPAGE_ALLOWED_HOSTS environment variable to allow requests from this host / port.
[2026-03-23T04:43:02.209Z] error: Host validation failed for: home.ignitesolutions.click. Hint: Set the HOMEPAGE_ALLOWED_HOSTS environment variable to allow requests from this host / port.
[2026-03-23T04:43:02.230Z] error: Host validation failed for: home.ignitesolutions.click. Hint: Set the HOMEPAGE_ALLOWED_HOSTS environment variable to allow requests from this host / port.
[2026-03-23T04:43:02.307Z] error: Host validation failed for: home.ignitesolutions.click. Hint: Set the HOMEPAGE_ALLOWED_HOSTS environment variable to allow requests from this host / port.
[2026-03-23T04:43:13.580Z] error: Host validation failed for: home.ignitesolutions.click. Hint: Set the HOMEPAGE_ALLOWED_HOSTS environment variable to allow requests from this host / port.
[2026-03-23T04:43:13.585Z] error: Host validation failed for: home.ignitesolutions.click. Hint: Set the HOMEPAGE_ALLOWED_HOSTS environment variable to allow requests from this host / port.
[2026-03-23T04:59:56.005Z] info: custom.css was copied to the config folder
[2026-03-23T04:59:56.006Z] info: custom.js was copied to the config folder
[2026-03-23T04:59:56.014Z] info: proxmox.yaml was copied to the config folder
[2026-03-23T04:59:56.392Z] error: Failed to load services.yaml, please check for errors
[2026-03-23T04:59:56.394Z] error: TypeError: b.map is not a function
[2026-03-23T04:59:57.151Z] error: Failed to load services.yaml, please check for errors
[2026-03-23T04:59:57.151Z] error: TypeError: b.map is not a function
[2026-03-23T05:00:26.894Z] error: Failed to load services.yaml, please check for errors
[2026-03-23T05:00:26.894Z] error: TypeError: b.map is not a function
[2026-03-23T05:00:27.296Z] error: Failed to load services.yaml, please check for errors
[2026-03-23T05:00:27.296Z] error: TypeError: b.map is not a function
[2026-03-23T14:18:44.062Z] error: Failed to load services.yaml, please check for errors
[2026-03-23T14:18:44.066Z] error: TypeError: b.map is not a function
[2026-03-25T14:46:53.400Z] error: Failed to load services.yaml, please check for errors
[2026-03-25T14:46:53.400Z] error: TypeError: b.map is not a function
[2026-03-25T14:47:05.879Z] error: Failed to load services.yaml, please check for errors
[2026-03-25T14:47:05.879Z] error: TypeError: b.map is not a function
[2026-03-25T14:49:26.729Z] error: Failed to load services.yaml, please check for errors
[2026-03-25T14:49:26.730Z] error: TypeError: b.map is not a function
[2026-03-25T14:49:50.814Z] error: Failed to load services.yaml, please check for errors
[2026-03-25T14:49:50.814Z] error: TypeError: b.map is not a function
[2026-03-25T14:50:24.977Z] error: Failed to load services.yaml, please check for errors
[2026-03-25T14:50:24.977Z] error: TypeError: b.map is not a function
[2026-03-25T14:50:44.068Z] error: Failed to load services.yaml, please check for errors
[2026-03-25T14:50:44.068Z] error: TypeError: b.map is not a function
[2026-03-25T16:36:56.798Z] error: Failed to load services.yaml, please check for errors
[2026-03-25T16:36:56.799Z] error: TypeError: b.map is not a function
[2026-03-25T16:38:47.700Z] error: Failed to load services.yaml, please check for errors
[2026-03-25T16:38:47.700Z] error: TypeError: b.map is not a function
[2026-03-25T17:10:29.971Z] error: Failed to load services.yaml, please check for errors
[2026-03-25T17:10:29.971Z] error: TypeError: b.map is not a function
[2026-03-25T17:25:03.832Z] error: Failed to load services.yaml, please check for errors
[2026-03-25T17:25:03.832Z] error: TypeError: b.map is not a function
[2026-03-25T17:30:56.536Z] error: Failed to load services.yaml, please check for errors
[2026-03-25T17:30:56.536Z] error: TypeError: b.map is not a function
[2026-03-25T17:35:15.606Z] error: Failed to load services.yaml, please check for errors
[2026-03-25T17:35:15.607Z] error: TypeError: b.map is not a function
[2026-03-25T17:37:00.325Z] error: Failed to load services.yaml, please check for errors
[2026-03-25T17:37:00.325Z] error: TypeError: b.map is not a function
[2026-03-25T17:37:47.062Z] error: Failed to load services.yaml, please check for errors
[2026-03-25T17:37:47.063Z] error: TypeError: b.map is not a function
[2026-03-25T18:10:20.933Z] error: Failed to load services.yaml, please check for errors
[2026-03-25T18:10:20.934Z] error: TypeError: b.map is not a function
[2026-03-25T18:10:29.339Z] error: Failed to load services.yaml, please check for errors
[2026-03-25T18:10:29.340Z] error: TypeError: b.map is not a function
[2026-03-25T18:47:01.282Z] error: Failed to load services.yaml, please check for errors
[2026-03-25T18:47:01.282Z] error: TypeError: b.map is not a function
[2026-03-25T19:59:03.863Z] error: Failed to load services.yaml, please check for errors
[2026-03-25T19:59:03.863Z] error: TypeError: b.map is not a function
[2026-03-25T19:59:29.538Z] error: Failed to load services.yaml, please check for errors
[2026-03-25T19:59:29.538Z] error: TypeError: b.map is not a function
[2026-03-25T19:59:54.015Z] error: Failed to load services.yaml, please check for errors
[2026-03-25T19:59:54.015Z] error: TypeError: b.map is not a function
[2026-03-25T20:05:58.490Z] error: Failed to load services.yaml, please check for errors
[2026-03-25T20:05:58.490Z] error: TypeError: b.map is not a function
[2026-03-25T20:10:24.672Z] error: Failed to load services.yaml, please check for errors
[2026-03-25T20:10:24.672Z] error: TypeError: b.map is not a function
[2026-03-25T20:10:51.327Z] error: Failed to load services.yaml, please check for errors
[2026-03-25T20:10:51.327Z] error: TypeError: b.map is not a function
[2026-03-26T16:39:48.329Z] error: Failed to load services.yaml, please check for errors
[2026-03-26T16:39:48.329Z] error: TypeError: b.map is not a function
[2026-03-28T04:38:21.105Z] error: Failed to load services.yaml, please check for errors
[2026-03-28T04:38:21.105Z] error: TypeError: b.map is not a function
[2026-03-28T04:38:55.805Z] error: Failed to load services.yaml, please check for errors
[2026-03-28T04:38:55.805Z] error: TypeError: b.map is not a function
[2026-05-04T22:17:08.186Z] error: Failed to load services.yaml, please check for errors
[2026-05-04T22:17:08.188Z] error: TypeError: b.map is not a function
[2026-05-04T22:17:08.323Z] error: Failed to load services.yaml, please check for errors
[2026-05-04T22:17:08.324Z] error: TypeError: b.map is not a function
[2026-05-04T22:17:08.704Z] error: Failed to load services.yaml, please check for errors
[2026-05-04T22:17:08.705Z] error: TypeError: b.map is not a function
[2026-05-04T22:17:18.194Z] error: Failed to load services.yaml, please check for errors
[2026-05-04T22:17:18.194Z] error: TypeError: b.map is not a function
